Arguments: 
  /usr/local/bin/node /usr/local/Cellar/yarn/1.22.17_2/libexec/bin/yarn.js install

PATH: 
  /Users/diegogimbernat/.rvm/gems/ruby-2.6.5/bin:/Users/diegogimbernat/.rvm/gems/ruby-2.6.5@global/bin:/Users/diegogimbernat/.rvm/rubies/ruby-2.6.5/bin:/usr/local/opt/libpq/bin:/Users/diegogimbernat/.rbenv/shims:/Users/diegogimbernat/.rbenv/shims:/Users/diegogimbernat/.rbenv/shims:/Library/Frameworks/Python.framework/Versions/3.8/bin:/Library/Frameworks/Python.framework/Versions/3.10/bin:/usr/local/bin:/usr/bin:/bin:/usr/sbin:/sbin:/Users/diegogimbernat/.rvm/gems/ruby-2.6.5/bin:/Users/diegogimbernat/.rvm/gems/ruby-2.6.5@global/bin:/Users/diegogimbernat/.rvm/rubies/ruby-2.6.5/bin:/usr/local/opt/libpq/bin:/Users/diegogimbernat/.rbenv/shims:/Library/Frameworks/Python.framework/Versions/3.8/bin:/Library/Frameworks/Python.framework/Versions/3.10/bin:/Users/diegogimbernat/.rvm/bin:/Users/diegogimbernat/.rvm/bin

Yarn version: 
  1.22.17

Node version: 
  16.18.0

Platform: 
  darwin arm64

Trace: 
  SyntaxError: /Users/diegogimbernat/Desktop/uniswap-explorer/package.json: Unexpected token / in JSON at position 218
      at JSON.parse (<anonymous>)
      at /usr/local/Cellar/yarn/1.22.17_2/libexec/lib/cli.js:1625:59
      at Generator.next (<anonymous>)
      at step (/usr/local/Cellar/yarn/1.22.17_2/libexec/lib/cli.js:310:30)
      at /usr/local/Cellar/yarn/1.22.17_2/libexec/lib/cli.js:321:13

npm manifest: 
  {
    "name": "uniswap-v2-thegraph",
    "version": "0.1.0",
    "private": true,
    "dependencies": {
      "@apollo/client": "^3.3.19",
      "@testing-library/jest-dom": "^5.11.4",
      "@testing-library/react": "^11.1.0",
      // "@uniswap/widgets": "^2.16.2",
      "framer-motion": "^7.4.0",
      "graphql": "^15.5.0",
      "react-router-dom": "^5.2.0",
      "react-scripts": "4.0.3",
      "react-spinners": "^0.13.4",
      "react-table": "^7.8.0",
      "recharts": "^2.0.9",
      "styled-components": "^5.3.5",
      "web-vitals": "^1.0.1"
    },
    "scripts": {
      "start": "react-scripts start",
      "build": "react-scripts build",
      "test": "react-scripts test",
      "eject": "react-scripts eject"
    },
    "eslintConfig": {
      "extends": [
        "react-app",
        "react-app/jest"
      ]
    },
    "browserslist": {
      "production": [
        ">0.2%",
        "not dead",
        "not op_mini all"
      ],
      "development": [
        "last 1 chrome version",
        "last 1 firefox version",
        "last 1 safari version"
      ]
    }
  }

yarn manifest: 
  No manifest

Lockfile: 
  No lockfile
